2025/03/27 14:00:12 [REQUEST] ::1 | POST | /login | 200 | Processed in 45.6669ms
2025/03/27 14:00:14 [REQUEST] ::1 | POST | /login | 200 | Processed in 45.4657ms
2025/03/27 14:00:15 [REQUEST] ::1 | POST | /login | 200 | Processed in 43.627ms
2025/03/27 14:00:16 [REQUEST] ::1 | POST | /login | 200 | Processed in 43.1125ms
2025/03/27 14:00:17 [REQUEST] ::1 | POST | /login | 200 | Processed in 43.4936ms
2025/03/27 14:00:18 [REQUEST] ::1 | POST | /login | 200 | Processed in 43.7054ms
2025/03/27 14:00:19 [REQUEST] ::1 | POST | /login | 200 | Processed in 45.0878ms
2025/03/27 14:00:20 [REQUEST] ::1 | POST | /login | 200 | Processed in 44.1582ms
2025/03/27 14:00:21 [REQUEST] ::1 | POST | /login | 200 | Processed in 45.2767ms
2025/03/27 14:00:21 [REQUEST] ::1 | POST | /login | 200 | Processed in 43.2159ms
2025/03/27 14:00:22 [REQUEST] ::1 | POST | /login | 200 | Processed in 44.2594ms
2025/03/27 14:00:23 [REQUEST] ::1 | POST | /login | 429 | Processed in 0s
2025/03/27 14:00:28 [REQUEST] ::1 | POST | /login | 200 | Processed in 43.846ms
2025/03/27 14:13:44 [REQUEST] ::1 | POST | /login | 200 | Processed in 44.9533ms
2025/03/27 14:13:45 [REQUEST] ::1 | POST | /login | 200 | Processed in 43.8602ms
2025/03/27 14:13:46 [REQUEST] ::1 | POST | /login | 200 | Processed in 45.9909ms
2025/03/27 14:13:47 [REQUEST] ::1 | POST | /login | 200 | Processed in 42.9685ms
2025/03/27 14:13:47 [REQUEST] ::1 | POST | /login | 200 | Processed in 45.2985ms
2025/03/27 14:13:48 [REQUEST] ::1 | POST | /login | 429 | Processed in 0s
2025/03/27 14:13:49 [REQUEST] ::1 | POST | /login | 429 | Processed in 0s
2025/03/27 14:13:50 [REQUEST] ::1 | POST | /login | 429 | Processed in 0s
2025/03/27 14:13:50 [REQUEST] ::1 | POST | /login | 429 | Processed in 0s
2025/03/27 14:13:51 [REQUEST] ::1 | POST | /login | 429 | Processed in 0s
2025/03/27 14:32:49 [REQUEST] ::1 | POST | /login | 200 | Processed in 44.9017ms
2025/03/27 14:33:06 [REQUEST] ::1 | POST | /login | 200 | Processed in 44.0063ms
2025/03/27 14:33:20 [REQUEST] ::1 | POST | /login | 200 | Processed in 43.7513ms
2025/03/27 14:33:55 [REQUEST] ::1 | POST | /login | 200 | Processed in 43.5087ms
2025/03/27 14:34:45 [REQUEST] ::1 | POST | /login | 200 | Processed in 44.3059ms
2025/03/27 14:35:35 [REQUEST] Kirill | POST | /projects | 401 | Processed in 0s
2025/03/27 14:36:21 [REQUEST] Kirill | POST | /projects | 401 | Processed in 814.2µs
2025/03/27 14:38:08 [REQUEST] ::1 | POST | /login | 200 | Processed in 44.193ms
2025/03/27 14:38:33 [REQUEST] Kirill26 | POST | /projects | 401 | Processed in 0s
2025/03/27 14:43:37 [REQUEST] ::1 | POST | /login | 200 | Processed in 45.4799ms
2025/03/27 14:44:22 [REQUEST] Kirill | POST | /projects | 201 | Processed in 74.6218ms
2025/03/27 16:14:33 [REQUEST] Kirill | POST | /projects | 201 | Processed in 10.0223ms
2025/03/27 16:15:37 [REQUEST] Kirill | GET | /user/projects | 400 | Processed in 0s
2025/03/27 16:16:42 [REQUEST] Kirill | GET | /user/projects | 400 | Processed in 0s
2025/03/27 16:16:54 [REQUEST] Kirill | GET | /projects/12 | 200 | Processed in 502.9µs
2025/03/27 16:17:02 [REQUEST] Kirill | GET | /projects/15 | 200 | Processed in 0s
2025/03/27 16:22:40 [REQUEST] ::1 | POST | /login | 200 | Processed in 44.0004ms
2025/03/27 16:23:00 [REQUEST] Kirill26 | GET | /user/projects | 400 | Processed in 0s
2025/03/27 16:23:48 [REQUEST] Kirill26 | GET | /user/projects/13 | 404 | Processed in 0s
2025/03/27 16:23:53 [REQUEST] Kirill26 | GET | /user/projects | 400 | Processed in 0s
2025/03/27 16:33:46 [REQUEST] Kirill26 | GET | /user/projects | 401 | Processed in 0s
2025/03/27 16:34:06 [REQUEST] Kirill | GET | /user/projects | 401 | Processed in 0s
2025/03/27 16:34:49 [REQUEST] ::1 | POST | /login | 200 | Processed in 44.2845ms
2025/03/27 16:35:03 [REQUEST] Kirill | GET | /user/projects | 401 | Processed in 0s
2025/03/27 16:35:42 [REQUEST] Kirill | GET | /projects/15 | 200 | Processed in 992.4µs
2025/03/27 16:35:47 [REQUEST] Kirill | GET | /projects/13 | 200 | Processed in 778.3µs
2025/03/27 16:36:07 [REQUEST] Kirill | PUT | /projects/13 | 200 | Processed in 2.4639ms
2025/03/27 16:36:49 [REQUEST] Kirill | POST | /projects/13/upload | 200 | Processed in 438.4µs
2025/03/27 16:43:00 [REQUEST] ::1 | POST | /register | 201 | Processed in 92.5827ms
2025/03/27 16:45:07 [REQUEST] ::1 | POST | /login | 200 | Processed in 45.0504ms
2025/03/27 16:46:57 [REQUEST] Kiril | POST | /projects | 201 | Processed in 1.8388ms
2025/03/27 16:47:55 [REQUEST] Kiril | GET | /user/projects | 401 | Processed in 0s
2025/03/27 16:48:09 [REQUEST] Kiril | GET | /user/projects | 401 | Processed in 0s
2025/03/27 16:49:53 [REQUEST] Kiril | GET | /user/projects | 200 | Processed in 8.5357ms
2025/03/27 16:50:32 [REQUEST] ::1 | POST | /login | 200 | Processed in 43.5316ms
2025/03/27 16:50:52 [REQUEST] Kirill | GET | /user/projects | 200 | Processed in 797.9µs
2025/03/27 16:56:19 [REQUEST] Kirill | GET | /projects/13 | 200 | Processed in 518.3µs
2025/03/27 16:56:47 [REQUEST] Kirill | PUT | /projects/13 | 200 | Processed in 2.4411ms
2025/03/27 16:57:18 [REQUEST] Kirill | POST | /projects/13/upload | 200 | Processed in 968.1µs
2025/03/27 16:57:58 [REQUEST] Kirill | POST | /projects/13/upload | 200 | Processed in 1.6785ms
2025/03/27 16:58:34 [REQUEST] Kirill | GET | /projects/13/download | 200 | Processed in 753.5µs
2025/03/27 16:59:03 [REQUEST] Kirill | POST | /projects/13/tasks | 200 | Processed in 42.1491ms
2025/03/27 16:59:49 [REQUEST] Kirill | GET | /projects/13/tasks | 200 | Processed in 1.2883ms
2025/03/27 17:00:19 [REQUEST] Kirill | PUT | /projects/13/tasks/13 | 200 | Processed in 1.0233ms
2025/03/27 18:01:43 [REQUEST] ::1 | POST | /login | 200 | Processed in 46.3755ms
2025/03/27 18:02:01 [REQUEST] KirillNeTOT | PUT | /projects/13 | 403 | Processed in 0s
2025/03/27 19:01:46 [REQUEST] ::1 | GET | /docs | 404 | Processed in 0s
2025/03/27 19:03:02 [REQUEST] ::1 | GET | /docs/index.html | 404 | Processed in 0s
2025/03/27 19:03:18 [REQUEST] ::1 | GET | /docs/swagger.json | 404 | Processed in 0s
2025/03/27 19:06:19 [REQUEST] ::1 | GET | /docs/index.html | 200 | Processed in 503.8µs
2025/03/27 19:06:19 [REQUEST] ::1 | GET | /docs/swagger-ui.css | 200 | Processed in 0s
2025/03/27 19:06:19 [REQUEST] ::1 | GET | /docs/swagger-ui-standalone-preset.js | 200 | Processed in 0s
2025/03/27 19:06:19 [REQUEST] ::1 | GET | /docs/swagger-ui-bundle.js | 200 | Processed in 2.585ms
2025/03/27 19:06:19 [REQUEST] ::1 | GET | /docs/doc.json | 500 | Processed in 0s
2025/03/27 19:06:19 [REQUEST] ::1 | GET | /docs/favicon-32x32.png | 429 | Processed in 0s
2025/03/27 19:06:19 [REQUEST] ::1 | GET | /docs/favicon-16x16.png | 429 | Processed in 0s
2025/03/27 19:06:33 [REQUEST] ::1 | GET | /docs/doc.json | 429 | Processed in 0s
2025/03/27 19:07:22 [REQUEST] ::1 | GET | /docs/swagger.json | 404 | Processed in 0s
2025/03/27 19:09:38 [REQUEST] ::1 | GET | /docs/index.html | 200 | Processed in 0s
2025/03/27 19:09:38 [REQUEST] ::1 | GET | /docs/swagger-ui.css | 304 | Processed in 0s
2025/03/27 19:09:38 [REQUEST] ::1 | GET | /docs/swagger-ui-bundle.js | 429 | Processed in 0s
2025/03/27 19:09:38 [REQUEST] ::1 | GET | /docs/swagger-ui-standalone-preset.js | 429 | Processed in 0s
2025/03/27 19:09:38 [REQUEST] ::1 | GET | /docs/favicon-32x32.png | 429 | Processed in 0s
2025/03/27 19:09:38 [REQUEST] ::1 | GET | /docs/favicon-16x16.png | 429 | Processed in 0s
2025/03/27 19:09:42 [REQUEST] ::1 | GET | /docs/index.html | 429 | Processed in 0s
2025/03/27 19:09:43 [REQUEST] ::1 | GET | /favicon.ico | 429 | Processed in 0s
2025/03/27 19:10:55 [REQUEST] ::1 | GET | /docs/index.html | 200 | Processed in 503.1µs
2025/03/27 19:10:55 [REQUEST] ::1 | GET | /docs/swagger-ui.css | 200 | Processed in 0s
2025/03/27 19:10:55 [REQUEST] ::1 | GET | /docs/swagger-ui-bundle.js | 200 | Processed in 2.1331ms
2025/03/27 19:10:55 [REQUEST] ::1 | GET | /docs/swagger-ui-standalone-preset.js | 200 | Processed in 1.0243ms
2025/03/27 19:10:55 [REQUEST] ::1 | GET | /docs/doc.json | 500 | Processed in 0s
2025/03/27 19:10:55 [REQUEST] ::1 | GET | /docs/favicon-32x32.png | 200 | Processed in 0s
2025/03/27 19:18:27 [REQUEST] ::1 | GET | /docs/index.html | 200 | Processed in 503.2µs
2025/03/27 19:18:27 [REQUEST] ::1 | GET | /docs/swagger-ui.css | 200 | Processed in 0s
2025/03/27 19:18:27 [REQUEST] ::1 | GET | /docs/swagger-ui-standalone-preset.js | 200 | Processed in 502.9µs
2025/03/27 19:18:27 [REQUEST] ::1 | GET | /docs/swagger-ui-bundle.js | 200 | Processed in 9.1332ms
2025/03/27 19:18:28 [REQUEST] ::1 | GET | /docs/doc.json | 200 | Processed in 0s
2025/03/27 19:18:28 [REQUEST] ::1 | GET | /docs/favicon-32x32.png | 200 | Processed in 0s
2025/03/28 12:18:48 [REQUEST] ::1 | GET | /docs/index.html | 200 | Processed in 0s
2025/03/28 12:18:48 [REQUEST] ::1 | GET | /docs/swagger-ui.css | 200 | Processed in 0s
2025/03/28 12:18:48 [REQUEST] ::1 | GET | /docs/swagger-ui-standalone-preset.js | 200 | Processed in 500.9µs
2025/03/28 12:18:48 [REQUEST] ::1 | GET | /docs/swagger-ui-bundle.js | 200 | Processed in 5.2299ms
2025/03/28 12:18:49 [REQUEST] ::1 | GET | /docs/doc.json | 200 | Processed in 0s
2025/03/28 12:18:49 [REQUEST] ::1 | GET | /docs/favicon-32x32.png | 200 | Processed in 889.1µs
2025/03/28 12:22:52 [REQUEST] ::1 | POST | /register | 201 | Processed in 108.0061ms
2025/03/28 12:23:30 [REQUEST] ::1 | POST | /login | 200 | Processed in 44.4726ms
2025/03/28 12:24:46 [REQUEST] MAX | POST | /projects | 201 | Processed in 13.306ms
2025/03/28 12:27:55 [REQUEST] MAX | GET | /user/projects | 200 | Processed in 632.7µs
2025/03/28 12:28:12 [REQUEST] MAX | GET | /projects/17 | 200 | Processed in 503.5µs
2025/03/28 12:29:51 [REQUEST] MAX | PUT | /projects/13 | 403 | Processed in 503.5µs
2025/03/28 12:30:03 [REQUEST] MAX | PUT | /projects/17 | 200 | Processed in 34.1522ms
2025/03/28 12:31:35 [REQUEST] MAX | POST | /projects/17/upload | 200 | Processed in 1.5621ms
2025/03/28 12:33:03 [REQUEST] MAX | POST | /projects/17/upload | 200 | Processed in 661µs
2025/03/28 12:33:40 [REQUEST] MAX | POST | /projects/17/upload | 200 | Processed in 0s
2025/03/28 12:33:54 [REQUEST] MAX | POST | /projects/17/upload | 200 | Processed in 452.6µs
2025/03/28 12:38:04 [REQUEST] MAX | POST | /projects/17/upload | 200 | Processed in 2.1554ms
2025/03/28 12:40:26 [REQUEST] MAX | POST | /projects/17/upload | 200 | Processed in 0s
2025/03/28 12:41:52 [REQUEST] MAX | GET | /projects/17/download | 200 | Processed in 1.0597ms
2025/03/28 12:43:37 [REQUEST] MAX | POST | /projects/17/tasks | 200 | Processed in 31.523ms
2025/03/28 12:44:37 [REQUEST] MAX | GET | /projects/17/tasks | 200 | Processed in 1.4544ms
2025/03/28 12:45:42 [REQUEST] MAX | PUT | /projects/17/tasks/14 | 200 | Processed in 1.0309ms
2025/03/28 12:47:14 [REQUEST] MAX | POST | /projects/17/tasks | 200 | Processed in 1.0918ms
2025/03/28 12:48:14 [REQUEST] MAX | DELETE | /projects/17/tasks/15 | 200 | Processed in 1.0938ms
2025/03/28 12:50:00 [REQUEST] MAX | POST | /projects | 201 | Processed in 1.4229ms
2025/03/28 12:50:29 [REQUEST] MAX | DELETE | /projects/18 | 200 | Processed in 503.7µs
2025/03/28 12:55:40 [REQUEST] ::1 | GET | /projects/17 | 401 | Processed in 0s
2025/03/28 12:55:43 [REQUEST] MAX | GET | /projects/17 | 200 | Processed in 610.1µs
2025/03/28 12:56:07 [REQUEST] ::1 | POST | /login | 200 | Processed in 44.2432ms
2025/03/28 12:56:24 [REQUEST] Kirill26 | GET | /projects/17 | 200 | Processed in 0s
2025/03/28 12:56:32 [REQUEST] MAX | GET | /projects/17 | 200 | Processed in 503.3µs
2025/03/28 12:56:51 [REQUEST] ::1 | POST | /login | 200 | Processed in 46.4104ms
2025/03/28 12:57:03 [REQUEST] KirillNeTOT | GET | /projects/17 | 403 | Processed in 0s
2025/03/28 12:57:08 [REQUEST] MAX | GET | /projects/17 | 200 | Processed in 0s
2025/03/28 12:57:12 [REQUEST] ::1 | GET | /projects/17 | 401 | Processed in 0s
2025/03/28 12:57:18 [REQUEST] KirillNeTOT | GET | /projects/17 | 403 | Processed in 0s
2025/03/28 12:57:37 [REQUEST] MAX | GET | /projects/17 | 200 | Processed in 0s
2025/03/28 13:04:57 [REQUEST] ::1 | POST | /refresh/ | 404 | Processed in 568.6µs
2025/03/28 13:05:26 [REQUEST] ::1 | POST | /refresh/16 | 500 | Processed in 1.5081ms
2025/03/28 13:06:16 [REQUEST] ::1 | POST | /refresh/16 | 500 | Processed in 1.0169ms
2025/03/28 13:07:36 [REQUEST] ::1 | POST | /refresh/16 | 200 | Processed in 1.6769ms
2025/03/28 13:08:32 [REQUEST] MAX | GET | /projects/17 | 200 | Processed in 503.3µs
2025/03/28 13:08:36 [REQUEST] MAX | GET | /projects/17 | 200 | Processed in 0s
2025/03/28 13:08:42 [REQUEST] MAX | GET | /projects/17 | 200 | Processed in 1.1716ms
2025/03/28 13:08:46 [REQUEST] MAX | GET | /projects/17 | 200 | Processed in 0s
2025/03/28 13:08:51 [REQUEST] MAX | GET | /projects/17 | 200 | Processed in 634.2µs
2025/03/28 16:48:45 [REQUEST] ::1 | POST | /register | 201 | Processed in 45.8482ms
2025/03/28 16:49:56 [REQUEST] ::1 | POST | /login | 200 | Processed in 42.8629ms
2025/03/28 16:52:22 [REQUEST] User1 | POST | /projects | 201 | Processed in 1.5053ms
2025/03/29 13:07:52 [REQUEST] ::1 | POST | /login | 200 | Processed in 44.4216ms
2025/03/29 13:08:49 [REQUEST] User1 | POST | /projects | 201 | Processed in 1.1692ms
2025/03/29 13:10:17 [REQUEST] User1 | GET | /projects | 404 | Processed in 0s
2025/03/29 13:10:33 [REQUEST] User1 | GET | /user/projects | 200 | Processed in 503.8µs
2025/03/29 13:12:17 [REQUEST] User1 | GET | /projects/19 | 200 | Processed in 1.0153ms
2025/03/29 13:16:28 [REQUEST] User1 | PUT | /projects/19 | 200 | Processed in 1.8339ms
2025/03/29 13:23:07 [REQUEST] User1 | POST | /projects/19/upload | 200 | Processed in 1.5432ms
2025/03/29 13:25:15 [REQUEST] User1 | POST | /projects/19/download | 404 | Processed in 0s
2025/03/29 13:25:34 [REQUEST] User1 | GET | /projects/19/download | 200 | Processed in 33.7875ms
2025/03/29 13:28:38 [REQUEST] User1 | POST | /projects/19/tasks | 400 | Processed in 504.6µs
2025/03/29 13:28:54 [REQUEST] User1 | POST | /projects/19/tasks | 201 | Processed in 1.7064ms
2025/03/29 13:31:07 [REQUEST] User1 | GET | /projects/19/tasks | 200 | Processed in 736.6µs
2025/03/29 13:34:07 [REQUEST] User1 | GET | /projects/19/tasks | 200 | Processed in 502.7µs
2025/03/29 13:34:49 [REQUEST] User1 | POST | /projects/19/tasks | 201 | Processed in 691.6µs
2025/03/29 13:35:14 [REQUEST] User1 | GET | /projects/19/tasks | 200 | Processed in 9.3639ms
2025/03/29 13:36:33 [REQUEST] User1 | GET | /projects/19/tasks | 404 | Processed in 503.8µs
2025/03/29 13:37:20 [REQUEST] User1 | POST | /projects/19/tasks | 201 | Processed in 757.6µs
2025/03/29 13:37:34 [REQUEST] User1 | GET | /projects/19/tasks | 200 | Processed in 0s
2025/03/29 13:38:04 [REQUEST] User1 | POST | /projects/19/tasks | 201 | Processed in 1.022ms
2025/03/29 13:38:52 [REQUEST] User1 | GET | /projects/19/tasks | 400 | Processed in 504.7µs
2025/03/29 13:39:14 [REQUEST] User1 | GET | /projects/19/tasks | 200 | Processed in 633.9µs
2025/03/29 13:39:54 [REQUEST] User1 | GET | /projects/19/tasks | 400 | Processed in 0s
2025/03/29 13:51:03 [REQUEST] User1 | GET | /projects/19/tasks | 200 | Processed in 8.7352ms
2025/03/29 13:52:31 [REQUEST] User1 | GET | /projects/19/tasks | 200 | Processed in 1.1253ms
2025/03/29 13:57:55 [REQUEST] User1 | GET | /projects/19/tasks | 200 | Processed in 777.2µs
2025/03/29 14:03:54 [REQUEST] User1 | PUT | /projects/19/tasks/16 | 200 | Processed in 1.6339ms
2025/03/29 14:06:21 [REQUEST] User1 | DELETE | /projects/19/tasks/16 | 200 | Processed in 1.1718ms
2025/03/29 14:08:57 [REQUEST] User1 | DELETE | /projects/19 | 200 | Processed in 1.0155ms
2025/03/29 14:12:49 [REQUEST] User1 | POST | /refresh/17 | 400 | Processed in 0s
2025/03/29 14:15:15 [REQUEST] ::1 | POST | /refresh/17 | 200 | Processed in 1.3728ms
2025/03/29 14:19:03 [REQUEST] ::1 | GET | /docs/index.html | 200 | Processed in 0s
2025/03/29 14:19:03 [REQUEST] ::1 | GET | /docs/swagger-ui.css | 200 | Processed in 0s
2025/03/29 14:19:03 [REQUEST] ::1 | GET | /docs/swagger-ui-standalone-preset.js | 200 | Processed in 503.8µs
2025/03/29 14:19:03 [REQUEST] ::1 | GET | /docs/swagger-ui-bundle.js | 200 | Processed in 4.5347ms
2025/03/29 14:19:04 [REQUEST] ::1 | GET | /docs/doc.json | 200 | Processed in 0s
2025/03/29 14:19:22 [REQUEST] ::1 | GET | /docs/index.html | 200 | Processed in 504.2µs
2025/03/29 14:19:23 [REQUEST] ::1 | GET | /docs/doc.json | 200 | Processed in 0s
2025/03/29 15:37:50 Сервер работает на порту 8080
2025/03/29 15:37:50 Ошибка запуска сервера: listen tcp :8080: bind: Only one usage of each socket address (protocol/network address/port) is normally permitted.
2025/03/29 15:39:47 [REQUEST] ::1 | POST | /login | 200 | Processed in 44.4399ms
2025/03/29 15:40:21 [REQUEST] ::1 | POST | /projects | 401 | Processed in 0s
2025/03/29 15:40:39 [REQUEST] MAX | POST | /projects | 201 | Processed in 2.1282ms
